build/app/intermediates/manifest_merge_blame_file/release/manifest-merger-blame-release-report.txt
1<?xml version="1.0" encoding="utf-8"?>
2<manifest xmlns:android="http://schemas.android.com/apk/res/android"
3    package="com.jhc.jhc_app"
4    android:versionCode="2"
5    android:versionName="2.0.0" >
6
7    <uses-sdk
8        android:minSdkVersion="21"
8-->src\main\AndroidManifest.xml
9        android:targetSdkVersion="34" />
9-->src\main\AndroidManifest.xml
10
11    <uses-permission android:name="android.permission.INTERNET" />
11-->src\main\AndroidManifest.xml:2:5-67
11-->src\main\AndroidManifest.xml:2:22-64
12    <uses-permission android:name="android.permission.WAKE_LOCK" />
12-->[:firebase_messaging] AndroidManifest.xml:10:5-68
12-->[:firebase_messaging] AndroidManifest.xml:10:22-65
13    <uses-permission android:name="android.permission.ACCESS_NETWORK_STATE" /> <!-- Permissions options for the `notification` group -->
13-->[:firebase_messaging] AndroidManifest.xml:11:5-79
13-->[:firebase_messaging] AndroidManifest.xml:11:22-76
14    <uses-permission android:name="android.permission.POST_NOTIFICATIONS" />
14-->[:firebase_messaging] AndroidManifest.xml:13:5-77
14-->[:firebase_messaging] AndroidManifest.xml:13:22-74
15    <uses-permission android:name="android.permission.FOREGROUND_SERVICE" />
15-->[:flutter_background_service_android] AndroidManifest.xml:9:5-77
15-->[:flutter_background_service_android] AndroidManifest.xml:9:22-74
16    <uses-permission android:name="android.permission.RECEIVE_BOOT_COMPLETED" />
16-->[:flutter_background_service_android] AndroidManifest.xml:10:5-81
16-->[:flutter_background_service_android] AndroidManifest.xml:10:22-78
17
18    <queries>
18-->[:flutter_inappwebview_android] AndroidManifest.xml:9:5-13:15
19        <intent>
19-->[:flutter_inappwebview_android] AndroidManifest.xml:10:9-12:18
20            <action android:name="android.support.customtabs.action.CustomTabsService" />
20-->[:flutter_inappwebview_android] AndroidManifest.xml:11:13-90
20-->[:flutter_inappwebview_android] AndroidManifest.xml:11:21-87
21        </intent>
22        <!-- For browser content -->
23        <intent>
23-->[com.google.android.gms:play-services-ads-lite:23.6.0] AndroidManifest.xml:38:9-44:18
24            <action android:name="android.intent.action.VIEW" />
24-->[com.google.android.gms:play-services-ads-lite:23.6.0] AndroidManifest.xml:39:13-65
24-->[com.google.android.gms:play-services-ads-lite:23.6.0] AndroidManifest.xml:39:21-62
25
26            <category android:name="android.intent.category.BROWSABLE" />
26-->[com.google.android.gms:play-services-ads-lite:23.6.0] AndroidManifest.xml:41:13-74
26-->[com.google.android.gms:play-services-ads-lite:23.6.0] AndroidManifest.xml:41:23-71
27
28            <data android:scheme="https" />
28-->[com.google.android.gms:play-services-ads-lite:23.6.0] AndroidManifest.xml:43:13-44
28-->[com.google.android.gms:play-services-ads-lite:23.6.0] AndroidManifest.xml:43:19-41
29        </intent> <!-- End of CustomTabsService -->
30        <!-- For MRAID capabilities -->
31        <intent>
31-->[com.google.android.gms:play-services-ads-lite:23.6.0] AndroidManifest.xml:52:9-56:18
32            <action android:name="android.intent.action.INSERT" />
32-->[com.google.android.gms:play-services-ads-lite:23.6.0] AndroidManifest.xml:53:13-67
32-->[com.google.android.gms:play-services-ads-lite:23.6.0] AndroidManifest.xml:53:21-64
33
34            <data android:mimeType="vnd.android.cursor.dir/event" />
34-->[com.google.android.gms:play-services-ads-lite:23.6.0] AndroidManifest.xml:43:13-44
35        </intent>
36        <intent>
36-->[com.google.android.gms:play-services-ads-lite:23.6.0] AndroidManifest.xml:57:9-61:18
37            <action android:name="android.intent.action.VIEW" />
37-->[com.google.android.gms:play-services-ads-lite:23.6.0] AndroidManifest.xml:39:13-65
37-->[com.google.android.gms:play-services-ads-lite:23.6.0] AndroidManifest.xml:39:21-62
38
39            <data android:scheme="sms" />
39-->[com.google.android.gms:play-services-ads-lite:23.6.0] AndroidManifest.xml:43:13-44
39-->[com.google.android.gms:play-services-ads-lite:23.6.0] AndroidManifest.xml:43:19-41
40        </intent>
41        <intent>
41-->[com.google.android.gms:play-services-ads-lite:23.6.0] AndroidManifest.xml:62:9-66:18
42            <action android:name="android.intent.action.DIAL" />
42-->[com.google.android.gms:play-services-ads-lite:23.6.0] AndroidManifest.xml:63:13-65
42-->[com.google.android.gms:play-services-ads-lite:23.6.0] AndroidManifest.xml:63:21-62
43
44            <data android:path="tel:" />
44-->[com.google.android.gms:play-services-ads-lite:23.6.0] AndroidManifest.xml:43:13-44
45        </intent>
46    </queries> <!-- Required by older versions of Google Play services to create IID tokens -->
47    <uses-permission android:name="com.google.android.c2dm.permission.RECEIVE" />
47-->[com.google.firebase:firebase-messaging:24.1.0] AndroidManifest.xml:26:5-82
47-->[com.google.firebase:firebase-messaging:24.1.0] AndroidManifest.xml:26:22-79
48    <uses-permission android:name="com.google.android.gms.permission.AD_ID" />
48-->[com.google.android.gms:play-services-measurement-api:22.1.2] AndroidManifest.xml:25:5-79
48-->[com.google.android.gms:play-services-measurement-api:22.1.2] AndroidManifest.xml:25:22-76
49    <uses-permission android:name="android.permission.ACCESS_ADSERVICES_ATTRIBUTION" />
49-->[com.google.android.gms:play-services-measurement-api:22.1.2] AndroidManifest.xml:26:5-88
49-->[com.google.android.gms:play-services-measurement-api:22.1.2] AndroidManifest.xml:26:22-85
50    <uses-permission android:name="android.permission.ACCESS_ADSERVICES_AD_ID" />
50-->[com.google.android.gms:play-services-measurement-api:22.1.2] AndroidManifest.xml:27:5-82
50-->[com.google.android.gms:play-services-measurement-api:22.1.2] AndroidManifest.xml:27:22-79
51    <uses-permission android:name="android.permission.ACCESS_ADSERVICES_TOPICS" />
51-->[com.google.android.gms:play-services-ads-lite:23.6.0] AndroidManifest.xml:29:5-83
51-->[com.google.android.gms:play-services-ads-lite:23.6.0] AndroidManifest.xml:29:22-80
52    <uses-permission android:name="com.google.android.finsky.permission.BIND_GET_INSTALL_REFERRER_SERVICE" />
52-->[com.google.android.gms:play-services-measurement:22.1.2] AndroidManifest.xml:26:5-110
52-->[com.google.android.gms:play-services-measurement:22.1.2] AndroidManifest.xml:26:22-107
53
54    <permission
54-->[androidx.core:core:1.13.1] AndroidManifest.xml:22:5-24:47
55        android:name="com.jhc.jhc_app.DYNAMIC_RECEIVER_NOT_EXPORTED_PERMISSION"
55-->[androidx.core:core:1.13.1] AndroidManifest.xml:23:9-81
56        android:protectionLevel="signature" />
56-->[androidx.core:core:1.13.1] AndroidManifest.xml:24:9-44
57
58    <uses-permission android:name="com.jhc.jhc_app.DYNAMIC_RECEIVER_NOT_EXPORTED_PERMISSION" />
58-->[androidx.core:core:1.13.1] AndroidManifest.xml:26:5-97
58-->[androidx.core:core:1.13.1] AndroidManifest.xml:26:22-94
59
60    <application
61        android:name="android.app.Application"
61-->src\main\AndroidManifest.xml:6:9-42
62        android:appComponentFactory="androidx.core.app.CoreComponentFactory"
62-->[androidx.core:core:1.13.1] AndroidManifest.xml:28:18-86
63        android:icon="@mipmap/ic_launcher"
63-->src\main\AndroidManifest.xml:7:9-43
64        android:label="JHC Digital" >
64-->src\main\AndroidManifest.xml:4:9-36
65        <meta-data
65-->src\main\AndroidManifest.xml:9:9-11:65
66            android:name="com.google.android.gms.ads.APPLICATION_ID"
66-->src\main\AndroidManifest.xml:10:9-65
67            android:value="ca-app-pub-2073950926113955~2417146902" />
67-->src\main\AndroidManifest.xml:11:9-63
68
69        <service
69-->src\main\AndroidManifest.xml:13:9-19:19
70            android:name="io.flutter.plugins.firebasemessaging.FlutterFirebaseMessagingService"
70-->src\main\AndroidManifest.xml:14:13-96
71            android:exported="true" >
71-->src\main\AndroidManifest.xml:15:13-36
72            <intent-filter>
72-->src\main\AndroidManifest.xml:16:13-18:29
73                <action android:name="com.google.firebase.MESSAGING_EVENT" />
73-->src\main\AndroidManifest.xml:17:17-78
73-->src\main\AndroidManifest.xml:17:25-75
74            </intent-filter>
75        </service>
76
77        <activity
77-->src\main\AndroidManifest.xml:21:9-45:20
78            android:name="com.jhc.jhc_app.MainActivity"
78-->src\main\AndroidManifest.xml:22:13-41
79            android:configChanges="orientation|keyboardHidden|keyboard|screenSize|smallestScreenSize|locale|layoutDirection|fontScale|screenLayout|density|uiMode"
79-->src\main\AndroidManifest.xml:26:13-163
80            android:enableOnBackInvokedCallback="true"
80-->src\main\AndroidManifest.xml:28:13-55
81            android:exported="true"
81-->src\main\AndroidManifest.xml:23:13-36
82            android:hardwareAccelerated="true"
82-->src\main\AndroidManifest.xml:27:13-47
83            android:launchMode="singleTop"
83-->src\main\AndroidManifest.xml:24:13-43
84            android:theme="@style/LaunchTheme"
84-->src\main\AndroidManifest.xml:25:13-47
85            android:windowSoftInputMode="adjustResize" >
85-->src\main\AndroidManifest.xml:29:13-55
86
87            <!--
88                 Specifies an Android theme to apply to this Activity as soon as
89                 the Android process has started. This theme is visible to the user
90                 while the Flutter UI initializes. After that, this theme continues
91                 to determine the Window background behind the Flutter UI.
92            -->
93            <meta-data
93-->src\main\AndroidManifest.xml:34:13-38:15
94                android:name="io.flutter.embedding.android.NormalTheme"
94-->src\main\AndroidManifest.xml:35:17-72
95                android:resource="@style/NormalTheme" />
95-->src\main\AndroidManifest.xml:36:17-54
96
97            <intent-filter>
97-->src\main\AndroidManifest.xml:41:13-44:29
98                <action android:name="android.intent.action.MAIN" />
98-->src\main\AndroidManifest.xml:42:17-69
98-->src\main\AndroidManifest.xml:42:25-66
99
100                <category android:name="android.intent.category.LAUNCHER" />
100-->src\main\AndroidManifest.xml:43:17-77
100-->src\main\AndroidManifest.xml:43:27-74
101            </intent-filter>
102        </activity>
103        <!--
104             Don't delete the meta-data below.
105             This is used by the Flutter tool to generate GeneratedPluginRegistrant.java
106        -->
107        <meta-data
107-->src\main\AndroidManifest.xml:48:9-50:33
108            android:name="flutterEmbedding"
108-->src\main\AndroidManifest.xml:49:13-44
109            android:value="2" />
109-->src\main\AndroidManifest.xml:50:13-30
110
111        <service
111-->[:cloud_firestore] AndroidManifest.xml:10:9-14:19
112            android:name="com.google.firebase.components.ComponentDiscoveryService"
112-->[:cloud_firestore] AndroidManifest.xml:10:18-89
113            android:directBootAware="true"
113-->[com.google.firebase:firebase-common:21.0.0] AndroidManifest.xml:32:13-43
114            android:exported="false" >
114-->[com.google.firebase:firebase-firestore:25.1.1] AndroidManifest.xml:16:13-37
115            <meta-data
115-->[:cloud_firestore] AndroidManifest.xml:11:13-13:85
116                android:name="com.google.firebase.components:io.flutter.plugins.firebase.firestore.FlutterFirebaseFirestoreRegistrar"
116-->[:cloud_firestore] AndroidManifest.xml:12:17-134
117                android:value="com.google.firebase.components.ComponentRegistrar" />
117-->[:cloud_firestore] AndroidManifest.xml:13:17-82
118            <meta-data
118-->[:cloud_functions] AndroidManifest.xml:11:13-13:85
119                android:name="com.google.firebase.components:io.flutter.plugins.firebase.functions.FlutterFirebaseAppRegistrar"
119-->[:cloud_functions] AndroidManifest.xml:12:17-128
120                android:value="com.google.firebase.components.ComponentRegistrar" />
120-->[:cloud_functions] AndroidManifest.xml:13:17-82
121            <meta-data
121-->[:firebase_database] AndroidManifest.xml:11:13-13:85
122                android:name="com.google.firebase.components:io.flutter.plugins.firebase.database.FlutterFirebaseAppRegistrar"
122-->[:firebase_database] AndroidManifest.xml:12:17-127
123                android:value="com.google.firebase.components.ComponentRegistrar" />
123-->[:firebase_database] AndroidManifest.xml:13:17-82
124            <meta-data
124-->[:firebase_messaging] AndroidManifest.xml:38:13-40:85
125                android:name="com.google.firebase.components:io.flutter.plugins.firebase.messaging.FlutterFirebaseAppRegistrar"
125-->[:firebase_messaging] AndroidManifest.xml:39:17-128
126                android:value="com.google.firebase.components.ComponentRegistrar" />
126-->[:firebase_messaging] AndroidManifest.xml:40:17-82
127            <meta-data
127-->[:firebase_storage] AndroidManifest.xml:11:13-13:85
128                android:name="com.google.firebase.components:io.flutter.plugins.firebase.storage.FlutterFirebaseAppRegistrar"
128-->[:firebase_storage] AndroidManifest.xml:12:17-126
129                android:value="com.google.firebase.components.ComponentRegistrar" />
129-->[:firebase_storage] AndroidManifest.xml:13:17-82
130            <meta-data
130-->[:firebase_core] AndroidManifest.xml:11:13-13:85
131                android:name="com.google.firebase.components:io.flutter.plugins.firebase.core.FlutterFirebaseCoreRegistrar"
131-->[:firebase_core] AndroidManifest.xml:12:17-124
132                android:value="com.google.firebase.components.ComponentRegistrar" />
132-->[:firebase_core] AndroidManifest.xml:13:17-82
133            <meta-data
133-->[com.google.firebase:firebase-firestore:25.1.1] AndroidManifest.xml:17:13-19:85
134                android:name="com.google.firebase.components:com.google.firebase.firestore.FirebaseFirestoreKtxRegistrar"
134-->[com.google.firebase:firebase-firestore:25.1.1] AndroidManifest.xml:18:17-122
135                android:value="com.google.firebase.components.ComponentRegistrar" />
135-->[com.google.firebase:firebase-firestore:25.1.1] AndroidManifest.xml:19:17-82
136            <meta-data
136-->[com.google.firebase:firebase-firestore:25.1.1] AndroidManifest.xml:20:13-22:85
137                android:name="com.google.firebase.components:com.google.firebase.firestore.FirestoreRegistrar"
137-->[com.google.firebase:firebase-firestore:25.1.1] AndroidManifest.xml:21:17-111
138                android:value="com.google.firebase.components.ComponentRegistrar" />
138-->[com.google.firebase:firebase-firestore:25.1.1] AndroidManifest.xml:22:17-82
139            <meta-data
139-->[com.google.firebase:firebase-functions:21.1.0] AndroidManifest.xml:15:13-17:85
140                android:name="com.google.firebase.components:com.google.firebase.functions.FirebaseFunctionsKtxRegistrar"
140-->[com.google.firebase:firebase-functions:21.1.0] AndroidManifest.xml:16:17-122
141                android:value="com.google.firebase.components.ComponentRegistrar" />
141-->[com.google.firebase:firebase-functions:21.1.0] AndroidManifest.xml:17:17-82
142            <meta-data
142-->[com.google.firebase:firebase-functions:21.1.0] AndroidManifest.xml:18:13-20:85
143                android:name="com.google.firebase.components:com.google.firebase.functions.FunctionsRegistrar"
143-->[com.google.firebase:firebase-functions:21.1.0] AndroidManifest.xml:19:17-111
144                android:value="com.google.firebase.components.ComponentRegistrar" />
144-->[com.google.firebase:firebase-functions:21.1.0] AndroidManifest.xml:20:17-82
145            <meta-data
145-->[com.google.firebase:firebase-database:21.0.0] AndroidManifest.xml:29:13-31:85
146                android:name="com.google.firebase.components:com.google.firebase.database.FirebaseDatabaseKtxRegistrar"
146-->[com.google.firebase:firebase-database:21.0.0] AndroidManifest.xml:30:17-120
147                android:value="com.google.firebase.components.ComponentRegistrar" />
147-->[com.google.firebase:firebase-database:21.0.0] AndroidManifest.xml:31:17-82
148            <meta-data
148-->[com.google.firebase:firebase-database:21.0.0] AndroidManifest.xml:32:13-34:85
149                android:name="com.google.firebase.components:com.google.firebase.database.DatabaseRegistrar"
149-->[com.google.firebase:firebase-database:21.0.0] AndroidManifest.xml:33:17-109
150                android:value="com.google.firebase.components.ComponentRegistrar" />
150-->[com.google.firebase:firebase-database:21.0.0] AndroidManifest.xml:34:17-82
151            <meta-data
151-->[com.google.firebase:firebase-messaging:24.1.0] AndroidManifest.xml:57:13-59:85
152                android:name="com.google.firebase.components:com.google.firebase.messaging.FirebaseMessagingKtxRegistrar"
152-->[com.google.firebase:firebase-messaging:24.1.0] AndroidManifest.xml:58:17-122
153                android:value="com.google.firebase.components.ComponentRegistrar" />
153-->[com.google.firebase:firebase-messaging:24.1.0] AndroidManifest.xml:59:17-82
154            <meta-data
154-->[com.google.firebase:firebase-messaging:24.1.0] AndroidManifest.xml:60:13-62:85
155                android:name="com.google.firebase.components:com.google.firebase.messaging.FirebaseMessagingRegistrar"
155-->[com.google.firebase:firebase-messaging:24.1.0] AndroidManifest.xml:61:17-119
156                android:value="com.google.firebase.components.ComponentRegistrar" />
156-->[com.google.firebase:firebase-messaging:24.1.0] AndroidManifest.xml:62:17-82
157            <meta-data
157-->[com.google.firebase:firebase-storage:21.0.1] AndroidManifest.xml:30:13-32:85
158                android:name="com.google.firebase.components:com.google.firebase.storage.FirebaseStorageKtxRegistrar"
158-->[com.google.firebase:firebase-storage:21.0.1] AndroidManifest.xml:31:17-118
159                android:value="com.google.firebase.components.ComponentRegistrar" />
159-->[com.google.firebase:firebase-storage:21.0.1] AndroidManifest.xml:32:17-82
160            <meta-data
160-->[com.google.firebase:firebase-storage:21.0.1] AndroidManifest.xml:33:13-35:85
161                android:name="com.google.firebase.components:com.google.firebase.storage.StorageRegistrar"
161-->[com.google.firebase:firebase-storage:21.0.1] AndroidManifest.xml:34:17-107
162                android:value="com.google.firebase.components.ComponentRegistrar" />
162-->[com.google.firebase:firebase-storage:21.0.1] AndroidManifest.xml:35:17-82
163            <meta-data
163-->[com.google.android.gms:play-services-measurement-api:22.1.2] AndroidManifest.xml:37:13-39:85
164                android:name="com.google.firebase.components:com.google.firebase.analytics.connector.internal.AnalyticsConnectorRegistrar"
164-->[com.google.android.gms:play-services-measurement-api:22.1.2] AndroidManifest.xml:38:17-139
165                android:value="com.google.firebase.components.ComponentRegistrar" />
165-->[com.google.android.gms:play-services-measurement-api:22.1.2] AndroidManifest.xml:39:17-82
166            <meta-data
166-->[com.google.firebase:firebase-iid:21.1.0] AndroidManifest.xml:32:13-34:85
167                android:name="com.google.firebase.components:com.google.firebase.iid.Registrar"
167-->[com.google.firebase:firebase-iid:21.1.0] AndroidManifest.xml:33:17-96
168                android:value="com.google.firebase.components.ComponentRegistrar" />
168-->[com.google.firebase:firebase-iid:21.1.0] AndroidManifest.xml:34:17-82
169            <meta-data
169-->[com.google.firebase:firebase-installations:18.0.0] AndroidManifest.xml:15:13-17:85
170                android:name="com.google.firebase.components:com.google.firebase.installations.FirebaseInstallationsKtxRegistrar"
170-->[com.google.firebase:firebase-installations:18.0.0] AndroidManifest.xml:16:17-130
171                android:value="com.google.firebase.components.ComponentRegistrar" />
171-->[com.google.firebase:firebase-installations:18.0.0] AndroidManifest.xml:17:17-82
172            <meta-data
172-->[com.google.firebase:firebase-installations:18.0.0] AndroidManifest.xml:18:13-20:85
173                android:name="com.google.firebase.components:com.google.firebase.installations.FirebaseInstallationsRegistrar"
173-->[com.google.firebase:firebase-installations:18.0.0] AndroidManifest.xml:19:17-127
174                android:value="com.google.firebase.components.ComponentRegistrar" />
174-->[com.google.firebase:firebase-installations:18.0.0] AndroidManifest.xml:20:17-82
175            <meta-data
175-->[com.google.firebase:firebase-appcheck:18.0.0] AndroidManifest.xml:25:13-27:85
176                android:name="com.google.firebase.components:com.google.firebase.appcheck.FirebaseAppCheckKtxRegistrar"
176-->[com.google.firebase:firebase-appcheck:18.0.0] AndroidManifest.xml:26:17-120
177                android:value="com.google.firebase.components.ComponentRegistrar" />
177-->[com.google.firebase:firebase-appcheck:18.0.0] AndroidManifest.xml:27:17-82
178            <meta-data
178-->[com.google.firebase:firebase-appcheck:18.0.0] AndroidManifest.xml:28:13-30:85
179                android:name="com.google.firebase.components:com.google.firebase.appcheck.FirebaseAppCheckRegistrar"
179-->[com.google.firebase:firebase-appcheck:18.0.0] AndroidManifest.xml:29:17-117
180                android:value="com.google.firebase.components.ComponentRegistrar" />
180-->[com.google.firebase:firebase-appcheck:18.0.0] AndroidManifest.xml:30:17-82
181            <meta-data
181-->[com.google.firebase:firebase-common-ktx:21.0.0] AndroidManifest.xml:12:13-14:85
182                android:name="com.google.firebase.components:com.google.firebase.ktx.FirebaseCommonLegacyRegistrar"
182-->[com.google.firebase:firebase-common-ktx:21.0.0] AndroidManifest.xml:13:17-116
183                android:value="com.google.firebase.components.ComponentRegistrar" />
183-->[com.google.firebase:firebase-common-ktx:21.0.0] AndroidManifest.xml:14:17-82
184            <meta-data
184-->[com.google.firebase:firebase-common:21.0.0] AndroidManifest.xml:35:13-37:85
185                android:name="com.google.firebase.components:com.google.firebase.FirebaseCommonKtxRegistrar"
185-->[com.google.firebase:firebase-common:21.0.0] AndroidManifest.xml:36:17-109
186                android:value="com.google.firebase.components.ComponentRegistrar" />
186-->[com.google.firebase:firebase-common:21.0.0] AndroidManifest.xml:37:17-82
187            <meta-data
187-->[com.google.firebase:firebase-datatransport:18.2.0] AndroidManifest.xml:25:13-27:85
188                android:name="com.google.firebase.components:com.google.firebase.datatransport.TransportRegistrar"
188-->[com.google.firebase:firebase-datatransport:18.2.0] AndroidManifest.xml:26:17-115
189                android:value="com.google.firebase.components.ComponentRegistrar" />
189-->[com.google.firebase:firebase-datatransport:18.2.0] AndroidManifest.xml:27:17-82
190        </service>
191        <service
191-->[:firebase_messaging] AndroidManifest.xml:16:9-19:72
192            android:name="io.flutter.plugins.firebase.messaging.FlutterFirebaseMessagingBackgroundService"
192-->[:firebase_messaging] AndroidManifest.xml:17:13-107
193            android:exported="false"
193-->[:firebase_messaging] AndroidManifest.xml:18:13-37
194            android:permission="android.permission.BIND_JOB_SERVICE" />
194-->[:firebase_messaging] AndroidManifest.xml:19:13-69
195        <service
195-->[:firebase_messaging] AndroidManifest.xml:20:9-26:19
196            android:name="io.flutter.plugins.firebase.messaging.FlutterFirebaseMessagingService"
196-->[:firebase_messaging] AndroidManifest.xml:21:13-97
197            android:exported="false" >
197-->[:firebase_messaging] AndroidManifest.xml:22:13-37
198            <intent-filter>
198-->src\main\AndroidManifest.xml:16:13-18:29
199                <action android:name="com.google.firebase.MESSAGING_EVENT" />
199-->src\main\AndroidManifest.xml:17:17-78
199-->src\main\AndroidManifest.xml:17:25-75
200            </intent-filter>
201        </service>
202
203        <receiver
203-->[:firebase_messaging] AndroidManifest.xml:28:9-35:20
204            android:name="io.flutter.plugins.firebase.messaging.FlutterFirebaseMessagingReceiver"
204-->[:firebase_messaging] AndroidManifest.xml:29:13-98
205            android:exported="true"
205-->[:firebase_messaging] AndroidManifest.xml:30:13-36
206            android:permission="com.google.android.c2dm.permission.SEND" >
206-->[:firebase_messaging] AndroidManifest.xml:31:13-73
207            <intent-filter>
207-->[:firebase_messaging] AndroidManifest.xml:32:13-34:29
208                <action android:name="com.google.android.c2dm.intent.RECEIVE" />
208-->[:firebase_messaging] AndroidManifest.xml:33:17-81
208-->[:firebase_messaging] AndroidManifest.xml:33:25-78
209            </intent-filter>
210        </receiver>
211
212        <provider
212-->[:firebase_messaging] AndroidManifest.xml:43:9-47:38
213            android:name="io.flutter.plugins.firebase.messaging.FlutterFirebaseMessagingInitProvider"
213-->[:firebase_messaging] AndroidManifest.xml:44:13-102
214            android:authorities="com.jhc.jhc_app.flutterfirebasemessaginginitprovider"
214-->[:firebase_messaging] AndroidManifest.xml:45:13-88
215            android:exported="false"
215-->[:firebase_messaging] AndroidManifest.xml:46:13-37
216            android:initOrder="99" />
216-->[:firebase_messaging] AndroidManifest.xml:47:13-35
217
218        <service
218-->[:flutter_background_service_android] AndroidManifest.xml:14:9-18:44
219            android:name="id.flutter.flutter_background_service.BackgroundService"
219-->[:flutter_background_service_android] AndroidManifest.xml:15:13-83
220            android:enabled="true"
220-->[:flutter_background_service_android] AndroidManifest.xml:16:13-35
221            android:exported="true"
221-->[:flutter_background_service_android] AndroidManifest.xml:17:13-36
222            android:stopWithTask="false" />
222-->[:flutter_background_service_android] AndroidManifest.xml:18:13-41
223
224        <receiver
224-->[:flutter_background_service_android] AndroidManifest.xml:20:9-23:39
225            android:name="id.flutter.flutter_background_service.WatchdogReceiver"
225-->[:flutter_background_service_android] AndroidManifest.xml:21:13-82
226            android:enabled="true"
226-->[:flutter_background_service_android] AndroidManifest.xml:22:13-35
227            android:exported="true" />
227-->[:flutter_background_service_android] AndroidManifest.xml:23:13-36
228        <receiver
228-->[:flutter_background_service_android] AndroidManifest.xml:24:9-33:20
229            android:name="id.flutter.flutter_background_service.BootReceiver"
229-->[:flutter_background_service_android] AndroidManifest.xml:25:13-78
230            android:enabled="true"
230-->[:flutter_background_service_android] AndroidManifest.xml:26:13-35
231            android:exported="true" >
231-->[:flutter_background_service_android] AndroidManifest.xml:27:13-36
232            <intent-filter>
232-->[:flutter_background_service_android] AndroidManifest.xml:28:13-32:29
233                <action android:name="android.intent.action.BOOT_COMPLETED" />
233-->[:flutter_background_service_android] AndroidManifest.xml:29:17-79
233-->[:flutter_background_service_android] AndroidManifest.xml:29:25-76
234                <action android:name="android.intent.action.QUICKBOOT_POWERON" />
234-->[:flutter_background_service_android] AndroidManifest.xml:30:17-82
234-->[:flutter_background_service_android] AndroidManifest.xml:30:25-79
235                <action android:name="android.intent.action.MY_PACKAGE_REPLACED" />
235-->[:flutter_background_service_android] AndroidManifest.xml:31:17-84
235-->[:flutter_background_service_android] AndroidManifest.xml:31:25-81
236            </intent-filter>
237        </receiver>
238
239        <activity
239-->[:flutter_inappwebview_android] AndroidManifest.xml:16:9-20:47
240            android:name="com.pichillilorenzo.flutter_inappwebview_android.in_app_browser.InAppBrowserActivity"
240-->[:flutter_inappwebview_android] AndroidManifest.xml:17:13-112
241            android:configChanges="orientation|keyboardHidden|keyboard|screenSize|locale|layoutDirection|fontScale|screenLayout|density"
241-->[:flutter_inappwebview_android] AndroidManifest.xml:18:13-137
242            android:exported="false"
242-->[:flutter_inappwebview_android] AndroidManifest.xml:19:13-37
243            android:theme="@style/AppTheme" />
243-->[:flutter_inappwebview_android] AndroidManifest.xml:20:13-44
244        <activity
244-->[:flutter_inappwebview_android] AndroidManifest.xml:21:9-24:55
245            android:name="com.pichillilorenzo.flutter_inappwebview_android.chrome_custom_tabs.ChromeCustomTabsActivity"
245-->[:flutter_inappwebview_android] AndroidManifest.xml:22:13-120
246            android:exported="false"
246-->[:flutter_inappwebview_android] AndroidManifest.xml:23:13-37
247            android:theme="@style/ThemeTransparent" />
247-->[:flutter_inappwebview_android] AndroidManifest.xml:24:13-52
248        <activity
248-->[:flutter_inappwebview_android] AndroidManifest.xml:25:9-28:55
249            android:name="com.pichillilorenzo.flutter_inappwebview_android.chrome_custom_tabs.TrustedWebActivity"
249-->[:flutter_inappwebview_android] AndroidManifest.xml:26:13-114
250            android:exported="false"
250-->[:flutter_inappwebview_android] AndroidManifest.xml:27:13-37
251            android:theme="@style/ThemeTransparent" />
251-->[:flutter_inappwebview_android] AndroidManifest.xml:28:13-52
252        <activity
252-->[:flutter_inappwebview_android] AndroidManifest.xml:29:9-33:55
253            android:name="com.pichillilorenzo.flutter_inappwebview_android.chrome_custom_tabs.ChromeCustomTabsActivitySingleInstance"
253-->[:flutter_inappwebview_android] AndroidManifest.xml:30:13-134
254            android:exported="false"